  1  8  7
  2  9  6
  3  4  5

  1 24 23 22 21 20 19
  2 25 40 39 38 37 18
  3 26 41 48 47 36 17
  4 27 42 49 46 35 16
  5 28 43 44 45 34 15
  6 29 30 31 32 33 14
  7  8  9 10 11 12 13

  1 32 31 30 29 28 27 26 25
  2 33 56 55 54 53 52 51 24
  3 34 57 72 71 70 69 50 23
  4 35 58 73 80 79 68 49 22
  5 36 59 74 81 78 67 48 21
  6 37 60 75 76 77 66 47 20
  7 38 61 62 63 64 65 46 19
  8 39 40 41 42 43 44 45 18
  9 10 11 12 13 14 15 16 17

  1 32 31 30 29 28 27 26 25
  2 33 56 55 54 53 52 51 24
  3 34 57 72 71 70 69 50 23
  4 35 58 73 80 79 68 49 22
  5 36 59 74 81 78 67 48 21
  6 37 60 75 76 77 66 47 20
  7 38 61 62 63 64 65 46 19
  8 39 40 41 42 43 44 45 18
  9 10 11 12 13 14 15 16 17

  1  4
  2  3

  1

  1 28 27 26 25 24 23 22
  2 29 48 47 46 45 44 21
  3 30 49 60 59 58 43 20
  4 31 50 61 64 57 42 19
  5 32 51 62 63 56 41 18
  6 33 52 53 54 55 40 17
  7 34 35 36 37 38 39 16
  8  9 10 11 12 13 14 15

  1 16 15 14 13
  2 17 24 23 12
  3 18 25 22 11
  4 19 20 21 10
  5  6  7  8  9

  1 12 11 10
  2 13 16  9
  3 14 15  8
  4  5  6  7

